WIND_DishOrdering/app/build/outputs/logs/manifest-merger-debug-report.txt
-- Merging decision tree log ---
manifest
ADDED from src\main\AndroidManifest.xml:2:1-33:12
	package
		ADDED from src\main\AndroidManifest.xml:3:5-40
		INJECTED from src\main\AndroidManifest.xml
		INJECTED from src\main\AndroidManifest.xml
	android:versionName
		INJECTED from src\main\AndroidManifest.xml
		INJECTED from src\main\AndroidManifest.xml
	xmlns:android
		ADDED from src\main\AndroidManifest.xml:2:11-69
	android:versionCode
		INJECTED from src\main\AndroidManifest.xml
		INJECTED from src\main\AndroidManifest.xml
application
ADDED from src\main\AndroidManifest.xml:5:5-31:19
MERGED from [com.android.support:design:23.2.0] AndroidManifest.xml:22:5-20
MERGED from [com.android.support:support-v4:23.2.0] AndroidManifest.xml:22:5-20
MERGED from [com.android.support:appcompat-v7:23.2.0] AndroidManifest.xml:25:5-20
MERGED from [com.android.support:support-v4:23.2.0] AndroidManifest.xml:22:5-20
MERGED from [com.android.support:animated-vector-drawable:23.2.0] AndroidManifest.xml:7:5-20
MERGED from [com.android.support:support-vector-drawable:23.2.0] AndroidManifest.xml:7:5-20
MERGED from [com.android.support:support-v4:23.2.0] AndroidManifest.xml:22:5-20
MERGED from [com.android.support:support-vector-drawable:23.2.0] AndroidManifest.xml:7:5-20
MERGED from [com.android.support:support-v4:23.2.0] AndroidManifest.xml:22:5-20
MERGED from [com.android.support:support-v4:23.2.0] AndroidManifest.xml:22:5-20
MERGED from [com.android.support:appcompat-v7:23.2.0] AndroidManifest.xml:25:5-20
MERGED from [com.android.support:support-v4:23.2.0] AndroidManifest.xml:22:5-20
MERGED from [com.android.support:animated-vector-drawable:23.2.0] AndroidManifest.xml:7:5-20
MERGED from [com.android.support:support-vector-drawable:23.2.0] AndroidManifest.xml:7:5-20
MERGED from [com.android.support:support-v4:23.2.0] AndroidManifest.xml:22:5-20
MERGED from [com.android.support:support-vector-drawable:23.2.0] AndroidManifest.xml:7:5-20
MERGED from [com.android.support:support-v4:23.2.0] AndroidManifest.xml:22:5-20
MERGED from [com.android.support:design:23.2.0] AndroidManifest.xml:22:5-20
MERGED from [com.android.support:support-v4:23.2.0] AndroidManifest.xml:22:5-20
MERGED from [com.android.support:appcompat-v7:23.2.0] AndroidManifest.xml:25:5-20
MERGED from [com.android.support:support-v4:23.2.0] AndroidManifest.xml:22:5-20
MERGED from [com.android.support:animated-vector-drawable:23.2.0] AndroidManifest.xml:7:5-20
MERGED from [com.android.support:support-vector-drawable:23.2.0] AndroidManifest.xml:7:5-20
MERGED from [com.android.support:support-v4:23.2.0] AndroidManifest.xml:22:5-20
MERGED from [com.android.support:support-vector-drawable:23.2.0] AndroidManifest.xml:7:5-20
MERGED from [com.android.support:support-v4:23.2.0] AndroidManifest.xml:22:5-20
MERGED from [com.android.support:support-v4:23.2.0] AndroidManifest.xml:22:5-20
MERGED from [com.android.support:support-v4:23.2.0] AndroidManifest.xml:22:5-20
MERGED from [com.android.support:percent:23.2.0] AndroidManifest.xml:22:5-20
MERGED from [com.android.support:support-v4:23.2.0] AndroidManifest.xml:22:5-20
	android:label
		ADDED from src\main\AndroidManifest.xml:9:9-41
	android:supportsRtl
		ADDED from src\main\AndroidManifest.xml:10:9-35
	android:allowBackup
		ADDED from src\main\AndroidManifest.xml:7:9-35
	android:icon
		ADDED from src\main\AndroidManifest.xml:8:9-43
	android:theme
		ADDED from src\main\AndroidManifest.xml:11:9-40
	android:name
		ADDED from src\main\AndroidManifest.xml:6:9-33
activity#com.hyz.wind_dishordering.MainActivity
ADDED from src\main\AndroidManifest.xml:12:9-22:20
	android:label
		ADDED from src\main\AndroidManifest.xml:14:13-45
	android:launchMode
		ADDED from src\main\AndroidManifest.xml:15:13-44
	android:theme
		ADDED from src\main\AndroidManifest.xml:16:13-56
	android:name
		ADDED from src\main\AndroidManifest.xml:13:13-41
intent-filter#android.intent.action.MAIN+android.intent.category.LAUNCHER
ADDED from src\main\AndroidManifest.xml:17:13-21:29
action#android.intent.action.MAIN
ADDED from src\main\AndroidManifest.xml:18:17-69
	android:name
		ADDED from src\main\AndroidManifest.xml:18:25-66
category#android.intent.category.LAUNCHER
ADDED from src\main\AndroidManifest.xml:20:17-77
	android:name
		ADDED from src\main\AndroidManifest.xml:20:27-74
activity#com.hyz.wind_dishordering.CheckoutSubsystem.CheckoutPageActivity
ADDED from src\main\AndroidManifest.xml:23:9-25:47
	android:launchMode
		ADDED from src\main\AndroidManifest.xml:25:13-44
	android:name
		ADDED from src\main\AndroidManifest.xml:24:13-67
activity#com.hyz.wind_dishordering.ChefSubsystem.ChefActivity
ADDED from src\main\AndroidManifest.xml:26:9-28:47
	android:launchMode
		ADDED from src\main\AndroidManifest.xml:28:13-44
	android:name
		ADDED from src\main\AndroidManifest.xml:27:13-55
activity#com.hyz.wind_dishordering.AdminSubsystem.AdminActivity
ADDED from src\main\AndroidManifest.xml:29:9-66
	android:name
		ADDED from src\main\AndroidManifest.xml:29:19-63
activity#com.hyz.wind_dishordering.AdminSubsystem.SetDiscount
ADDED from src\main\AndroidManifest.xml:30:9-73
	android:name
		ADDED from src\main\AndroidManifest.xml:30:19-61
uses-sdk
INJECTED from src\main\AndroidManifest.xml reason: use-sdk injection requested
MERGED from [com.android.support:design:23.2.0] AndroidManifest.xml:20:5-43
MERGED from [com.android.support:recyclerview-v7:23.2.0] AndroidManifest.xml:20:5-43
MERGED from [com.android.support:support-v4:23.2.0] AndroidManifest.xml:20:5-43
MERGED from [com.android.support:appcompat-v7:23.2.0] AndroidManifest.xml:21:5-23:78
MERGED from [com.android.support:support-v4:23.2.0] AndroidManifest.xml:20:5-43
MERGED from [com.android.support:animated-vector-drawable:23.2.0] AndroidManifest.xml:5:5-44
MERGED from [com.android.support:support-vector-drawable:23.2.0] AndroidManifest.xml:5:5-43
MERGED from [com.android.support:support-v4:23.2.0] AndroidManifest.xml:20:5-43
MERGED from [com.android.support:support-vector-drawable:23.2.0] AndroidManifest.xml:5:5-43
MERGED from [com.android.support:support-v4:23.2.0] AndroidManifest.xml:20:5-43
MERGED from [com.android.support:support-v4:23.2.0] AndroidManifest.xml:20:5-43
MERGED from [com.android.support:appcompat-v7:23.2.0] AndroidManifest.xml:21:5-23:78
MERGED from [com.android.support:support-v4:23.2.0] AndroidManifest.xml:20:5-43
MERGED from [com.android.support:animated-vector-drawable:23.2.0] AndroidManifest.xml:5:5-44
MERGED from [com.android.support:support-vector-drawable:23.2.0] AndroidManifest.xml:5:5-43
MERGED from [com.android.support:support-v4:23.2.0] AndroidManifest.xml:20:5-43
MERGED from [com.android.support:support-vector-drawable:23.2.0] AndroidManifest.xml:5:5-43
MERGED from [com.android.support:support-v4:23.2.0] AndroidManifest.xml:20:5-43
MERGED from [com.android.support:design:23.2.0] AndroidManifest.xml:20:5-43
MERGED from [com.android.support:recyclerview-v7:23.2.0] AndroidManifest.xml:20:5-43
MERGED from [com.android.support:support-v4:23.2.0] AndroidManifest.xml:20:5-43
MERGED from [com.android.support:appcompat-v7:23.2.0] AndroidManifest.xml:21:5-23:78
MERGED from [com.android.support:support-v4:23.2.0] AndroidManifest.xml:20:5-43
MERGED from [com.android.support:animated-vector-drawable:23.2.0] AndroidManifest.xml:5:5-44
MERGED from [com.android.support:support-vector-drawable:23.2.0] AndroidManifest.xml:5:5-43
MERGED from [com.android.support:support-v4:23.2.0] AndroidManifest.xml:20:5-43
MERGED from [com.android.support:support-vector-drawable:23.2.0] AndroidManifest.xml:5:5-43
MERGED from [com.android.support:support-v4:23.2.0] AndroidManifest.xml:20:5-43
MERGED from [com.android.support:support-v4:23.2.0] AndroidManifest.xml:20:5-43
MERGED from [com.android.support:recyclerview-v7:23.2.0] AndroidManifest.xml:20:5-43
MERGED from [com.android.support:support-v4:23.2.0] AndroidManifest.xml:20:5-43
MERGED from [com.android.support:percent:23.2.0] AndroidManifest.xml:20:5-43
MERGED from [com.android.support:support-v4:23.2.0] AndroidManifest.xml:20:5-43
	tools:overrideLibrary
		ADDED from [com.android.support:appcompat-v7:23.2.0] AndroidManifest.xml:23:9-75
	android:targetSdkVersion
		INJECTED from src\main\AndroidManifest.xml
		INJECTED from src\main\AndroidManifest.xml
	android:minSdkVersion
		INJECTED from src\main\AndroidManifest.xml
		INJECTED from src\main\AndroidManifest.xml